2024-08-26 09:55:34.8100 : Send: {"code":1,"data":{"key":"Sws01050017@2024"}}
2024-08-26 09:55:34.9158 : Recv: {
	"code":	200,
	"data":	""
}
2024-08-26 09:55:42.8742 : Send: {"code":18,"data":{"sn":"B122400101050017","val":[1,3,117,74,0,8,127,214]}}
2024-08-26 09:55:44.4931 : Recv: {
	"code":	200,
	"data":	[1, 3, 16, 66, 49, 50, 50, 52, 48, 48, 49, 48, 49, 48, 53, 48, 48, 49, 55, 54, 23]
}
2024-08-26 09:55:48.0171 : Recv: {
	"code":	200,
	"md":	"",
	"host":	"",
	"port":	0,
	"SSL/TLS":	0
}
2024-08-26 09:56:11.4155 : Recv: {
	"code":	200,
	"md":	"",
	"host":	"",
	"port":	0,
	"SSL/TLS":	0
}
2024-08-26 09:58:47.4177 : Recv: {
	"code":	200,
	"md":	"",
	"host":	"",
	"port":	0,
	"SSL/TLS":	0
}
2024-08-26 09:59:02.1892 : Recv: {
	"code":	200,
	"md":	"",
	"host":	"",
	"port":	0,
	"SSL/TLS":	0
}
2024-08-26 10:03:24.0822 : Send: {"code":1,"data":{"key":"Sws01050017@2024"}}
2024-08-26 10:03:24.1746 : Recv: {
	"code":	200,
	"data":	""
}
2024-08-26 10:03:30.0731 : Send: {"code":18,"data":{"sn":"B122400101050017","val":[1,3,117,74,0,8,127,214]}}
2024-08-26 10:03:30.7294 : Recv: {
	"code":	200,
	"data":	[1, 3, 16, 66, 49, 50, 50, 52, 48, 48, 49, 48, 49, 48, 53, 48, 48, 49, 55, 54, 23]
}
2024-08-26 10:03:34.9261 : Recv: {
	"code":	200,
	"md":	"",
	"host":	"",
	"port":	0,
	"SSL/TLS":	0
}
2024-08-26 10:08:52.6741 : Recv: {
	"code":	200,
	"md":	"",
	"host":	"",
	"port":	0,
	"SSL/TLS":	0
}
2024-08-26 10:10:25.5276 : Recv: {
	"code":	200,
	"md":	"",
	"host":	"",
	"port":	0,
	"SSL/TLS":	0
}
2024-08-26 10:11:34.6769 : Recv: {
	"code":	200,
	"md":	"",
	"host":	"",
	"port":	0,
	"SSL/TLS":	0
}
2024-08-26 10:14:48.1700 : Send: {"code":1,"data":{"key":"Sws19700001@2024"}}
2024-08-26 10:14:56.1378 : Recv: {
	"code":	200,
	"data":	""
}
2024-08-26 10:15:05.3510 : Send: {"code":18,"data":{"sn":"P08000A119700001","val":[1,3,117,74,0,8,127,214]}}
2024-08-26 10:15:05.9882 : Recv: {
	"code":	200,
	"data":	[1, 3, 16, 80, 48, 56, 48, 48, 48, 65, 49, 49, 57, 55, 48, 48, 48, 48, 49, 208, 250]
}
2024-08-26 10:15:06.1571 : Send: {"code":18,"data":{"sn":"P08000A119700001","val":[1,3,117,74,0,8,127,214]}}
2024-08-26 10:15:07.0380 : Recv: {
	"code":	200,
	"data":	[1, 3, 16, 80, 48, 56, 48, 48, 48, 65, 49, 49, 57, 55, 48, 48, 48, 48, 49, 208, 250]
}
2024-08-26 10:15:09.7365 : Send: {"code":18,"data":{"sn":"P08000A119700001","val":[1,3,117,74,0,8,127,214]}}
2024-08-26 10:15:11.0505 : Recv: {
	"code":	200,
	"data":	[1, 3, 16, 80, 48, 56, 48, 48, 48, 65, 49, 49, 57, 55, 48, 48, 48, 48, 49, 208, 250]
}
2024-08-26 10:15:16.1503 : Recv: {
	"code":	200,
	"md":	"mqtt",
	"host":	"test-mq.sunways-portal.com",
	"port":	8883,
	"SSL/TLS":	1
}
2024-08-26 10:15:37.8623 : Recv: {
	"code":	200,
	"md":	"mqtt",
	"host":	"iot-broker.sunways-portal.com",
	"port":	8883,
	"SSL/TLS":	1
}
2024-08-26 10:19:18.3471 : Recv: {
	"code":	200,
	"data":	[1, 16, 156, 90, 0, 8, 207, 140]
}
2024-08-26 10:19:19.2403 : Send: {"code":18,"data":{"sn":"P08000A119700001","val":[1,3,117,74,0,8,127,214]}}
2024-08-26 10:19:19.8241 : Recv: {
	"code":	200,
	"data":	[1, 3, 16, 66, 49, 50, 50, 52, 48, 48, 49, 48, 49, 48, 53, 48, 48, 50, 48, 119, 37]
}
2024-08-26 15:07:52.0783 : Send: {"code":1,"data":{"key":"Sws00950017@2024"}}
2024-08-26 15:07:52.1752 : Recv: {
	"code":	200,
	"data":	""
}
2024-08-26 15:08:07.0366 : Recv: {
	"code":	200,
	"data":	[1, 16, 156, 90, 0, 8, 207, 140]
}
2024-08-26 15:08:08.3787 : Send: {"code":18,"data":{"sn":"B122400100950017","val":[1,3,117,74,0,8,127,214]}}
2024-08-26 15:08:08.9866 : Recv: {
	"code":	200,
	"data":	[1, 3, 16, 66, 49, 50, 50, 52, 48, 48, 49, 48, 48, 56, 53, 48, 48, 49, 55, 39, 159]
}
2024-08-26 15:08:15.3250 : Recv: {
	"code":	200,
	"md":	"mqtt",
	"host":	"iot-broker.sunways-portal.com",
	"port":	8883,
	"SSL/TLS":	1
}
