2024-09-09 15:47:50.9990 : Send: {"code":1,"data":{"key":"Sws00850017@2024"}}
2024-09-09 15:47:51.0915 : Recv: {
	"code":	200,
	"data":	""
}
2024-09-09 15:49:14.5117 : Send: {"code":1,"data":{"key":"Sws00850017@2024"}}
2024-09-09 15:49:14.6172 : Recv: {
	"code":	200,
	"data":	""
}
2024-09-09 15:49:32.6430 : Recv: {
	"code":	200,
	"data":	[1, 16, 156, 163, 0, 1, 223, 187]
}
2024-09-09 15:55:44.7291 : Send: {"code":1,"data":{"key":"Sws00850017@2024"}}
2024-09-09 15:55:44.8275 : Recv: {
	"code":	200,
	"data":	""
}
2024-09-09 15:55:50.2432 : Send: {"code":18,"data":{"sn":"B122400100850017","val":[1,3,117,74,0,8,127,214]}}
2024-09-09 15:55:51.0821 : Recv: {
	"code":	200,
	"data":	[1, 3, 16, 66, 49, 50, 50, 52, 48, 48, 49, 48, 48, 56, 53, 48, 48, 49, 55, 39, 159]
}
2024-09-09 15:55:53.4101 : Recv: {
	"code":	200,
	"data":	[1, 16, 156, 163, 0, 1, 223, 187]
}
2024-09-09 15:57:03.0054 : Send: {"code":1,"data":{"key":"Sws00850017@2024"}}
2024-09-09 15:57:03.1068 : Recv: {
	"code":	200,
	"data":	""
}
2024-09-09 15:57:51.4978 : Recv: {
	"code":	200,
	"data":	[1, 16, 156, 163, 0, 1, 223, 187]
}
2024-09-09 15:57:52.7231 : Send: {"code":18,"data":{"sn":"B122400100850017","val":[1,3,156,163,0,1,90,120]}}
2024-09-09 15:57:53.3328 : Recv: {
	"code":	200,
	"data":	[1, 3, 2, 0, 0, 184, 68]
}
2024-09-09 18:00:09.2932 : Send: {"code":1,"data":{"key":"Sws00150013@2024"}}
2024-09-09 18:00:09.3838 : Recv: {
	"code":	200,
	"data":	""
}
2024-09-09 18:00:15.5609 : Recv: {
	"code":	200,
	"md":	"",
	"host":	"",
	"port":	0,
	"SSL/TLS":	0
}
2024-09-09 18:00:19.4280 : Send: {"code":18,"data":{"sn":"1122300100150013","val":[1,3,117,74,0,8,127,214]}}
2024-09-09 18:00:20.0651 : Recv: {
	"code":	200,
	"data":	[1, 3, 16, 49, 49, 50, 50, 51, 48, 48, 49, 48, 48, 49, 53, 48, 48, 49, 51, 182, 27]
}
2024-09-09 18:00:22.0134 : Recv: {
	"code":	200,
	"md":	"",
	"host":	"",
	"port":	0,
	"SSL/TLS":	0
}
2024-09-09 18:00:47.9622 : Recv: {
	"code":	200,
	"md":	"",
	"host":	"",
	"port":	0,
	"SSL/TLS":	0
}
